<?xml version="1.0" encoding="UTF-8"?>
<!-- Generated by org.testng.reporters.JUnitReportReporter -->
<testsuite hostname="DESKTOP-J2R2MEM" failures="0" tests="4" name="lab6.Negative" time="8.083" errors="0" timestamp="2020-06-08T23:33:43 GMT+04:00" skipped="0">
  <testcase classname="lab6.Negative" name="test1" time="1.951"/>
  <testcase classname="lab6.Negative" name="test4" time="1.829"/>
  <testcase classname="lab6.Negative" name="test2" time="2.358"/>
  <testcase classname="lab6.Negative" name="test3" time="1.945"/>
</testsuite> <!-- lab6.Negative -->
